<?xml version="1.0" encoding="UTF-8"?>
<!-- Generated by org.testng.reporters.JUnitXMLReporter -->
<testsuite hostname="Deepaks-MacBook-Air.local" failures="0" tests="4" name="Test" time="32.295" errors="0" timestamp="27 May 2021 16:13:25 GMT">
  <testcase classname="testCases.ValidateTitle" name="basepageNavigation" time="0.122"/>
  <testcase classname="testCases.ValidateNavigationBar" name="basepageNavigation" time="0.204"/>
  <testcase classname="testCases.HomePage" name="basepageNavigation" time="2.209"/>
  <testcase classname="testCases.HomePage" name="basepageNavigation" time="1.952"/>
</testsuite> <!-- Test -->
